

Version:	3.50
CmdLine:	C:\Users\91888\Desktop\Projects\java-task\app.exe --l4j-debug
JNI:		No
WOW64:		Yes
Working dir:	C:\Users\91888\Desktop\Projects\java-task\.
Requires JDK:	No
Requires 64-Bit: No
Java min ver:	
Java max ver:	
Substitute:	JAVA_HOME = 
Substitute:	PATH = C:\WINDOWS\system32;C:\WINDOWS;C:\WINDOWS\System32\Wbem;C:\WINDOWS\System32\WindowsPowerShell\v1.0\;C:\WINDOWS\System32\OpenSSH\;C:\Program Files\Git\cmd;C:\Users\91888\Downloads\json-simple-1.1.1.jar;C:\Program Files\Docker\Docker\resources\bin;C:\Program Files\nodejs\;C:\WINDOWS\system32;C:\WINDOWS;C:\WINDOWS\System32\Wbem;C:\WINDOWS\System32\WindowsPowerShell\v1.0\;C:\WINDOWS\System32\OpenSSH\;C:\Program Files\Git\cmd;C:\Users\91888\Downloads\json-simple-1.1.1.jar;C:\Program Files\Docker\Docker\resources\bin;C:\WINDOWS\system32;C:\WINDOWS;C:\WINDOWS\System32\Wbem;C:\WINDOWS\System32\WindowsPowerShell\v1.0\;C:\WINDOWS\System32\OpenSSH\;C:\Program Files\nodejs\;C:\Program Files\Git\cmd;C:\Users\91888\Downloads\json-simple-1.1.1.jar;C:\Program Files\Docker\Docker\resources\bin;C:\MinGW\bin;C:\Users\91888\Downloads\jdk-21_windows-x64_bin\jdk-21.0.2\bin;C:\Program Files\MongoDB\Server\6.0\bin;C:\Users\91888\Downloads\mongosh-1.8.0-win32-x64\mongosh-1.8.0-win32-x64\bin;C:\Users\91888\AppData\Local\Microsoft\WindowsApps;C:\Users\91888\AppData\Local\Programs\Microsoft VS Code\bin;C:\Program Files (x86)\MongoDB Atlas CLI\;C:\Users\91888\Desktop\command;C:\Users\91888\Desktop\Projects\IDE;C:\Users\91888\Desktop\Projects\ID;C:\Users\91888\AppData\Roaming\npm;C:\Program Files\MySQL\MySQL Server 8.0\bin;;C:\Users\91888\Downloads\jdk-21_windows-x64_bin\jdk-21.0.2\bin
JRE paths:	;C:\WINDOWS\system32;C:\WINDOWS;C:\WINDOWS\System32\Wbem;C:\WINDOWS\System32\WindowsPowerShell\v1.0\;C:\WINDOWS\System32\OpenSSH\;C:\Program Files\Git\cmd;C:\Users\91888\Downloads\json-simple-1.1.1.jar;C:\Program Files\Docker\Docker\resources\bin;C:\Program Files\nodejs\;C:\WINDOWS\system32;C:\WINDOWS;C:\WINDOWS\System32\Wbem;C:\WINDOWS\System32\WindowsPowerShell\v1.0\;C:\WINDOWS\System32\OpenSSH\;C:\Program Files\Git\cmd;C:\Users\91888\Downloads\json-simple-1.1.1.jar;C:\Program Files\Docker\Docker\resources\bin;C:\WINDOWS\system32;C:\WINDOWS;C:\WINDOWS\System32\Wbem;C:\WINDOWS\System32\WindowsPowerShell\v1.0\;C:\WINDOWS\System32\OpenSSH\;C:\Program Files\nodejs\;C:\Program Files\Git\cmd;C:\Users\91888\Downloads\json-simple-1.1.1.jar;C:\Program Files\Docker\Docker\resources\bin;C:\MinGW\bin;C:\Users\91888\Downloads\jdk-21_windows-x64_bin\jdk-21.0.2\bin;C:\Program Files\MongoDB\Server\6.0\bin;C:\Users\91888\Downloads\mongosh-1.8.0-win32-x64\mongosh-1.8.0-win32-x64\bin;C:\Users\91888\AppData\Local\Microsoft\WindowsApps;C:\Users\91888\AppData\Local\Programs\Microsoft VS Code\bin;C:\Program Files (x86)\MongoDB Atlas CLI\;C:\Users\91888\Desktop\command;C:\Users\91888\Desktop\Projects\IDE;C:\Users\91888\Desktop\Projects\ID;C:\Users\91888\AppData\Roaming\npm;C:\Program Files\MySQL\MySQL Server 8.0\bin;;C:\Users\91888\Downloads\jdk-21_windows-x64_bin\jdk-21.0.2\bin
Check launcher:	C:\WINDOWS\system32\bin\javaw.exe (not found)
Check launcher:	C:\WINDOWS\bin\javaw.exe (not found)
Check launcher:	C:\WINDOWS\System32\Wbem\bin\javaw.exe (not found)
Check launcher:	C:\WINDOWS\System32\WindowsPowerShell\v1.0\bin\javaw.exe (not found)
Check launcher:	C:\WINDOWS\System32\OpenSSH\bin\javaw.exe (not found)
Check launcher:	C:\Program Files\Git\cmd\bin\javaw.exe (not found)
Check launcher:	C:\Users\91888\Downloads\json-simple-1.1.1.jar\bin\javaw.exe (not found)
Check launcher:	C:\Program Files\Docker\Docker\resources\bin\javaw.exe (not found)
Check launcher:	C:\Program Files\nodejs\bin\javaw.exe (not found)
Check launcher:	C:\WINDOWS\system32\bin\javaw.exe (not found)
Check launcher:	C:\WINDOWS\bin\javaw.exe (not found)
Check launcher:	C:\WINDOWS\System32\Wbem\bin\javaw.exe (not found)
Check launcher:	C:\WINDOWS\System32\WindowsPowerShell\v1.0\bin\javaw.exe (not found)
Check launcher:	C:\WINDOWS\System32\OpenSSH\bin\javaw.exe (not found)
Check launcher:	C:\Program Files\Git\cmd\bin\javaw.exe (not found)
Check launcher:	C:\Users\91888\Downloads\json-simple-1.1.1.jar\bin\javaw.exe (not found)
Check launcher:	C:\Program Files\Docker\Docker\resources\bin\javaw.exe (not found)
Check launcher:	C:\WINDOWS\system32\bin\javaw.exe (not found)
Check launcher:	C:\WINDOWS\bin\javaw.exe (not found)
Check launcher:	C:\WINDOWS\System32\Wbem\bin\javaw.exe (not found)
Check launcher:	C:\WINDOWS\System32\WindowsPowerShell\v1.0\bin\javaw.exe (not found)
Check launcher:	C:\WINDOWS\System32\OpenSSH\bin\javaw.exe (not found)
Check launcher:	C:\Program Files\nodejs\bin\javaw.exe (not found)
Check launcher:	C:\Program Files\Git\cmd\bin\javaw.exe (not found)
Check launcher:	C:\Users\91888\Downloads\json-simple-1.1.1.jar\bin\javaw.exe (not found)
Check launcher:	C:\Program Files\Docker\Docker\resources\bin\javaw.exe (not found)
Check launcher:	C:\MinGW\bin\javaw.exe (not found)
Check launcher:	C:\Users\91888\Downloads\jdk-21_windows-x64_bin\jdk-21.0.2\bin\javaw.exe (OK)
Version string: 1.021.000_002 / 64-Bit (OK)
Launcher:	C:\Users\91888\Downloads\jdk-21_windows-x64_bin\jdk-21.0.2\bin\javaw.exe
Launcher args:	-jar "C:\Users\91888\Desktop\Projects\java-task\app.exe"
Args length:	56/32768 chars
Exit code:	0


Version:	3.50
CmdLine:	C:\Users\91888\Desktop\Projects\java-task\app.exe --l4j-debug
JNI:		No
WOW64:		Yes
Working dir:	C:\Users\91888\Desktop\Projects\java-task\.
Requires JDK:	No
Requires 64-Bit: No
Java min ver:	
Java max ver:	
Substitute:	JAVA_HOME = 
Substitute:	PATH = C:\WINDOWS\system32;C:\WINDOWS;C:\WINDOWS\System32\Wbem;C:\WINDOWS\System32\WindowsPowerShell\v1.0\;C:\WINDOWS\System32\OpenSSH\;C:\Program Files\Git\cmd;C:\Users\91888\Downloads\json-simple-1.1.1.jar;C:\Program Files\Docker\Docker\resources\bin;C:\Program Files\nodejs\;C:\WINDOWS\system32;C:\WINDOWS;C:\WINDOWS\System32\Wbem;C:\WINDOWS\System32\WindowsPowerShell\v1.0\;C:\WINDOWS\System32\OpenSSH\;C:\Program Files\Git\cmd;C:\Users\91888\Downloads\json-simple-1.1.1.jar;C:\Program Files\Docker\Docker\resources\bin;C:\WINDOWS\system32;C:\WINDOWS;C:\WINDOWS\System32\Wbem;C:\WINDOWS\System32\WindowsPowerShell\v1.0\;C:\WINDOWS\System32\OpenSSH\;C:\Program Files\nodejs\;C:\Program Files\Git\cmd;C:\Users\91888\Downloads\json-simple-1.1.1.jar;C:\Program Files\Docker\Docker\resources\bin;C:\MinGW\bin;C:\Users\91888\Downloads\jdk-21_windows-x64_bin\jdk-21.0.2\bin;C:\Program Files\MongoDB\Server\6.0\bin;C:\Users\91888\Downloads\mongosh-1.8.0-win32-x64\mongosh-1.8.0-win32-x64\bin;C:\Users\91888\AppData\Local\Microsoft\WindowsApps;C:\Users\91888\AppData\Local\Programs\Microsoft VS Code\bin;C:\Program Files (x86)\MongoDB Atlas CLI\;C:\Users\91888\Desktop\command;C:\Users\91888\Desktop\Projects\IDE;C:\Users\91888\Desktop\Projects\ID;C:\Users\91888\AppData\Roaming\npm;C:\Program Files\MySQL\MySQL Server 8.0\bin;;C:\Users\91888\Downloads\jdk-21_windows-x64_bin\jdk-21.0.2\bin
JRE paths:	;C:\WINDOWS\system32;C:\WINDOWS;C:\WINDOWS\System32\Wbem;C:\WINDOWS\System32\WindowsPowerShell\v1.0\;C:\WINDOWS\System32\OpenSSH\;C:\Program Files\Git\cmd;C:\Users\91888\Downloads\json-simple-1.1.1.jar;C:\Program Files\Docker\Docker\resources\bin;C:\Program Files\nodejs\;C:\WINDOWS\system32;C:\WINDOWS;C:\WINDOWS\System32\Wbem;C:\WINDOWS\System32\WindowsPowerShell\v1.0\;C:\WINDOWS\System32\OpenSSH\;C:\Program Files\Git\cmd;C:\Users\91888\Downloads\json-simple-1.1.1.jar;C:\Program Files\Docker\Docker\resources\bin;C:\WINDOWS\system32;C:\WINDOWS;C:\WINDOWS\System32\Wbem;C:\WINDOWS\System32\WindowsPowerShell\v1.0\;C:\WINDOWS\System32\OpenSSH\;C:\Program Files\nodejs\;C:\Program Files\Git\cmd;C:\Users\91888\Downloads\json-simple-1.1.1.jar;C:\Program Files\Docker\Docker\resources\bin;C:\MinGW\bin;C:\Users\91888\Downloads\jdk-21_windows-x64_bin\jdk-21.0.2\bin;C:\Program Files\MongoDB\Server\6.0\bin;C:\Users\91888\Downloads\mongosh-1.8.0-win32-x64\mongosh-1.8.0-win32-x64\bin;C:\Users\91888\AppData\Local\Microsoft\WindowsApps;C:\Users\91888\AppData\Local\Programs\Microsoft VS Code\bin;C:\Program Files (x86)\MongoDB Atlas CLI\;C:\Users\91888\Desktop\command;C:\Users\91888\Desktop\Projects\IDE;C:\Users\91888\Desktop\Projects\ID;C:\Users\91888\AppData\Roaming\npm;C:\Program Files\MySQL\MySQL Server 8.0\bin;;C:\Users\91888\Downloads\jdk-21_windows-x64_bin\jdk-21.0.2\bin
Check launcher:	C:\WINDOWS\system32\bin\javaw.exe (not found)
Check launcher:	C:\WINDOWS\bin\javaw.exe (not found)
Check launcher:	C:\WINDOWS\System32\Wbem\bin\javaw.exe (not found)
Check launcher:	C:\WINDOWS\System32\WindowsPowerShell\v1.0\bin\javaw.exe (not found)
Check launcher:	C:\WINDOWS\System32\OpenSSH\bin\javaw.exe (not found)
Check launcher:	C:\Program Files\Git\cmd\bin\javaw.exe (not found)
Check launcher:	C:\Users\91888\Downloads\json-simple-1.1.1.jar\bin\javaw.exe (not found)
Check launcher:	C:\Program Files\Docker\Docker\resources\bin\javaw.exe (not found)
Check launcher:	C:\Program Files\nodejs\bin\javaw.exe (not found)
Check launcher:	C:\WINDOWS\system32\bin\javaw.exe (not found)
Check launcher:	C:\WINDOWS\bin\javaw.exe (not found)
Check launcher:	C:\WINDOWS\System32\Wbem\bin\javaw.exe (not found)
Check launcher:	C:\WINDOWS\System32\WindowsPowerShell\v1.0\bin\javaw.exe (not found)
Check launcher:	C:\WINDOWS\System32\OpenSSH\bin\javaw.exe (not found)
Check launcher:	C:\Program Files\Git\cmd\bin\javaw.exe (not found)
Check launcher:	C:\Users\91888\Downloads\json-simple-1.1.1.jar\bin\javaw.exe (not found)
Check launcher:	C:\Program Files\Docker\Docker\resources\bin\javaw.exe (not found)
Check launcher:	C:\WINDOWS\system32\bin\javaw.exe (not found)
Check launcher:	C:\WINDOWS\bin\javaw.exe (not found)
Check launcher:	C:\WINDOWS\System32\Wbem\bin\javaw.exe (not found)
Check launcher:	C:\WINDOWS\System32\WindowsPowerShell\v1.0\bin\javaw.exe (not found)
Check launcher:	C:\WINDOWS\System32\OpenSSH\bin\javaw.exe (not found)
Check launcher:	C:\Program Files\nodejs\bin\javaw.exe (not found)
Check launcher:	C:\Program Files\Git\cmd\bin\javaw.exe (not found)
Check launcher:	C:\Users\91888\Downloads\json-simple-1.1.1.jar\bin\javaw.exe (not found)
Check launcher:	C:\Program Files\Docker\Docker\resources\bin\javaw.exe (not found)
Check launcher:	C:\MinGW\bin\javaw.exe (not found)
Check launcher:	C:\Users\91888\Downloads\jdk-21_windows-x64_bin\jdk-21.0.2\bin\javaw.exe (OK)
Version string: 1.021.000_002 / 64-Bit (OK)
Main class:	C:\Users\91888\Desktop\Projects\java-task\mysql-connector-j-8.3.0.jar
Add classpath:	C:\Users\91888\Desktop\Projects\java-task>mysql-connector-j-8.3.0.jar
Launcher:	C:\Users\91888\Downloads\jdk-21_windows-x64_bin\jdk-21.0.2\bin\javaw.exe
Launcher args:	-classpath "C:\Users\91888\Desktop\Projects\java-task\app.exe;C:\Users\91888\Desktop\Projects\java-task>mysql-connector-j-8.3.0.jar" C:\Users\91888\Desktop\Projects\java-task\mysql-connector-j-8.3.0.jar
Args length:	202/32768 chars
Exit code:	0


Version:	3.50
CmdLine:	C:\Users\91888\Desktop\Projects\java-task\app.exe --l4j-debug
JNI:		No
WOW64:		Yes
Working dir:	C:\Users\91888\Desktop\Projects\java-task\.
Requires JDK:	No
Requires 64-Bit: No
Java min ver:	
Java max ver:	
Substitute:	JAVA_HOME = 
Substitute:	PATH = C:\WINDOWS\system32;C:\WINDOWS;C:\WINDOWS\System32\Wbem;C:\WINDOWS\System32\WindowsPowerShell\v1.0\;C:\WINDOWS\System32\OpenSSH\;C:\Program Files\Git\cmd;C:\Users\91888\Downloads\json-simple-1.1.1.jar;C:\Program Files\Docker\Docker\resources\bin;C:\Program Files\nodejs\;C:\WINDOWS\system32;C:\WINDOWS;C:\WINDOWS\System32\Wbem;C:\WINDOWS\System32\WindowsPowerShell\v1.0\;C:\WINDOWS\System32\OpenSSH\;C:\Program Files\Git\cmd;C:\Users\91888\Downloads\json-simple-1.1.1.jar;C:\Program Files\Docker\Docker\resources\bin;C:\WINDOWS\system32;C:\WINDOWS;C:\WINDOWS\System32\Wbem;C:\WINDOWS\System32\WindowsPowerShell\v1.0\;C:\WINDOWS\System32\OpenSSH\;C:\Program Files\nodejs\;C:\Program Files\Git\cmd;C:\Users\91888\Downloads\json-simple-1.1.1.jar;C:\Program Files\Docker\Docker\resources\bin;C:\MinGW\bin;C:\Users\91888\Downloads\jdk-21_windows-x64_bin\jdk-21.0.2\bin;C:\Program Files\MongoDB\Server\6.0\bin;C:\Users\91888\Downloads\mongosh-1.8.0-win32-x64\mongosh-1.8.0-win32-x64\bin;C:\Users\91888\AppData\Local\Microsoft\WindowsApps;C:\Users\91888\AppData\Local\Programs\Microsoft VS Code\bin;C:\Program Files (x86)\MongoDB Atlas CLI\;C:\Users\91888\Desktop\command;C:\Users\91888\Desktop\Projects\IDE;C:\Users\91888\Desktop\Projects\ID;C:\Users\91888\AppData\Roaming\npm;C:\Program Files\MySQL\MySQL Server 8.0\bin;;C:\Users\91888\Downloads\jdk-21_windows-x64_bin\jdk-21.0.2\bin
JRE paths:	;C:\WINDOWS\system32;C:\WINDOWS;C:\WINDOWS\System32\Wbem;C:\WINDOWS\System32\WindowsPowerShell\v1.0\;C:\WINDOWS\System32\OpenSSH\;C:\Program Files\Git\cmd;C:\Users\91888\Downloads\json-simple-1.1.1.jar;C:\Program Files\Docker\Docker\resources\bin;C:\Program Files\nodejs\;C:\WINDOWS\system32;C:\WINDOWS;C:\WINDOWS\System32\Wbem;C:\WINDOWS\System32\WindowsPowerShell\v1.0\;C:\WINDOWS\System32\OpenSSH\;C:\Program Files\Git\cmd;C:\Users\91888\Downloads\json-simple-1.1.1.jar;C:\Program Files\Docker\Docker\resources\bin;C:\WINDOWS\system32;C:\WINDOWS;C:\WINDOWS\System32\Wbem;C:\WINDOWS\System32\WindowsPowerShell\v1.0\;C:\WINDOWS\System32\OpenSSH\;C:\Program Files\nodejs\;C:\Program Files\Git\cmd;C:\Users\91888\Downloads\json-simple-1.1.1.jar;C:\Program Files\Docker\Docker\resources\bin;C:\MinGW\bin;C:\Users\91888\Downloads\jdk-21_windows-x64_bin\jdk-21.0.2\bin;C:\Program Files\MongoDB\Server\6.0\bin;C:\Users\91888\Downloads\mongosh-1.8.0-win32-x64\mongosh-1.8.0-win32-x64\bin;C:\Users\91888\AppData\Local\Microsoft\WindowsApps;C:\Users\91888\AppData\Local\Programs\Microsoft VS Code\bin;C:\Program Files (x86)\MongoDB Atlas CLI\;C:\Users\91888\Desktop\command;C:\Users\91888\Desktop\Projects\IDE;C:\Users\91888\Desktop\Projects\ID;C:\Users\91888\AppData\Roaming\npm;C:\Program Files\MySQL\MySQL Server 8.0\bin;;C:\Users\91888\Downloads\jdk-21_windows-x64_bin\jdk-21.0.2\bin
Check launcher:	C:\WINDOWS\system32\bin\javaw.exe (not found)
Check launcher:	C:\WINDOWS\bin\javaw.exe (not found)
Check launcher:	C:\WINDOWS\System32\Wbem\bin\javaw.exe (not found)
Check launcher:	C:\WINDOWS\System32\WindowsPowerShell\v1.0\bin\javaw.exe (not found)
Check launcher:	C:\WINDOWS\System32\OpenSSH\bin\javaw.exe (not found)
Check launcher:	C:\Program Files\Git\cmd\bin\javaw.exe (not found)
Check launcher:	C:\Users\91888\Downloads\json-simple-1.1.1.jar\bin\javaw.exe (not found)
Check launcher:	C:\Program Files\Docker\Docker\resources\bin\javaw.exe (not found)
Check launcher:	C:\Program Files\nodejs\bin\javaw.exe (not found)
Check launcher:	C:\WINDOWS\system32\bin\javaw.exe (not found)
Check launcher:	C:\WINDOWS\bin\javaw.exe (not found)
Check launcher:	C:\WINDOWS\System32\Wbem\bin\javaw.exe (not found)
Check launcher:	C:\WINDOWS\System32\WindowsPowerShell\v1.0\bin\javaw.exe (not found)
Check launcher:	C:\WINDOWS\System32\OpenSSH\bin\javaw.exe (not found)
Check launcher:	C:\Program Files\Git\cmd\bin\javaw.exe (not found)
Check launcher:	C:\Users\91888\Downloads\json-simple-1.1.1.jar\bin\javaw.exe (not found)
Check launcher:	C:\Program Files\Docker\Docker\resources\bin\javaw.exe (not found)
Check launcher:	C:\WINDOWS\system32\bin\javaw.exe (not found)
Check launcher:	C:\WINDOWS\bin\javaw.exe (not found)
Check launcher:	C:\WINDOWS\System32\Wbem\bin\javaw.exe (not found)
Check launcher:	C:\WINDOWS\System32\WindowsPowerShell\v1.0\bin\javaw.exe (not found)
Check launcher:	C:\WINDOWS\System32\OpenSSH\bin\javaw.exe (not found)
Check launcher:	C:\Program Files\nodejs\bin\javaw.exe (not found)
Check launcher:	C:\Program Files\Git\cmd\bin\javaw.exe (not found)
Check launcher:	C:\Users\91888\Downloads\json-simple-1.1.1.jar\bin\javaw.exe (not found)
Check launcher:	C:\Program Files\Docker\Docker\resources\bin\javaw.exe (not found)
Check launcher:	C:\MinGW\bin\javaw.exe (not found)
Check launcher:	C:\Users\91888\Downloads\jdk-21_windows-x64_bin\jdk-21.0.2\bin\javaw.exe (OK)
Version string: 1.021.000_002 / 64-Bit (OK)
Main class:	C:\Users\91888\Desktop\Projects\java-task\app.jar
Add classpath:	C:\Users\91888\Desktop\Projects\java-task>mysql-connector-j-8.3.0.jar
Add classpath:	C:\Users\91888\Downloads\jdk-21_windows-x64_bin\jdk-21.0.2\jar_files
Add classpath:	C:\Users\91888\Downloads\jdk-21_windows-x64_bin\jdk-21.0.2\jar_files\*
      "      :	C:\Users\91888\Downloads\jdk-21_windows-x64_bin\jdk-21.0.2\jar_files\.
      "      :	C:\Users\91888\Downloads\jdk-21_windows-x64_bin\jdk-21.0.2\jar_files\..
      "      :	C:\Users\91888\Downloads\jdk-21_windows-x64_bin\jdk-21.0.2\jar_files\annotations-13.0.jar
      "      :	C:\Users\91888\Downloads\jdk-21_windows-x64_bin\jdk-21.0.2\jar_files\commons-codec-1.9.jar
      "      :	C:\Users\91888\Downloads\jdk-21_windows-x64_bin\jdk-21.0.2\jar_files\commons-logging-1.2.jar
      "      :	C:\Users\91888\Downloads\jdk-21_windows-x64_bin\jdk-21.0.2\jar_files\gson-2.2.2.jar
      "      :	C:\Users\91888\Downloads\jdk-21_windows-x64_bin\jdk-21.0.2\jar_files\httpasyncclient-4.1.1.jar
      "      :	C:\Users\91888\Downloads\jdk-21_windows-x64_bin\jdk-21.0.2\jar_files\httpclient-4.5.2.jar
      "      :	C:\Users\91888\Downloads\jdk-21_windows-x64_bin\jdk-21.0.2\jar_files\httpcore-4.4.4.jar
      "      :	C:\Users\91888\Downloads\jdk-21_windows-x64_bin\jdk-21.0.2\jar_files\httpcore-nio-4.4.4.jar
      "      :	C:\Users\91888\Downloads\jdk-21_windows-x64_bin\jdk-21.0.2\jar_files\httpmime-4.5.2.jar
      "      :	C:\Users\91888\Downloads\jdk-21_windows-x64_bin\jdk-21.0.2\jar_files\json-20160212.jar
      "      :	C:\Users\91888\Downloads\jdk-21_windows-x64_bin\jdk-21.0.2\jar_files\json-simple-1.1.1.jar
      "      :	C:\Users\91888\Downloads\jdk-21_windows-x64_bin\jdk-21.0.2\jar_files\kotlin-stdlib-1.3.50.jar
      "      :	C:\Users\91888\Downloads\jdk-21_windows-x64_bin\jdk-21.0.2\jar_files\kotlin-stdlib-common-1.3.50.jar
      "      :	C:\Users\91888\Downloads\jdk-21_windows-x64_bin\jdk-21.0.2\jar_files\mssql-jdbc-12.6.1.jre8.jar
      "      :	C:\Users\91888\Downloads\jdk-21_windows-x64_bin\jdk-21.0.2\jar_files\mysql-connector-j-8.3.0.jar
      "      :	C:\Users\91888\Downloads\jdk-21_windows-x64_bin\jdk-21.0.2\jar_files\okhttp-3.9.1.jar
      "      :	C:\Users\91888\Downloads\jdk-21_windows-x64_bin\jdk-21.0.2\jar_files\okio-2.4.0.jar
      "      :	C:\Users\91888\Downloads\jdk-21_windows-x64_bin\jdk-21.0.2\jar_files\smartapi-java-1.0.0.jar
      "      :	C:\Users\91888\Downloads\jdk-21_windows-x64_bin\jdk-21.0.2\jar_files\smartapi-java-2.0.0.jar
      "      :	C:\Users\91888\Downloads\jdk-21_windows-x64_bin\jdk-21.0.2\jar_files\smartapi-java-2.1.0.jar
      "      :	C:\Users\91888\Downloads\jdk-21_windows-x64_bin\jdk-21.0.2\jar_files\smartapi-java-2.2.0.jar
      "      :	C:\Users\91888\Downloads\jdk-21_windows-x64_bin\jdk-21.0.2\jar_files\smartapi-java-2.2.1.jar
      "      :	C:\Users\91888\Downloads\jdk-21_windows-x64_bin\jdk-21.0.2\jar_files\smartapi-java-2.2.2.jar
      "      :	C:\Users\91888\Downloads\jdk-21_windows-x64_bin\jdk-21.0.2\jar_files\smartapi-java-2.2.3.jar
      "      :	C:\Users\91888\Downloads\jdk-21_windows-x64_bin\jdk-21.0.2\jar_files\unirest-java-1.4.9.jar
Launcher:	C:\Users\91888\Downloads\jdk-21_windows-x64_bin\jdk-21.0.2\bin\javaw.exe
Launcher args:	-classpath "C:\Users\91888\Desktop\Projects\java-task\app.exe;C:\Users\91888\Desktop\Projects\java-task>mysql-connector-j-8.3.0.jar;C:\Users\91888\Downloads\jdk-21_windows-x64_bin\jdk-21.0.2\jar_files;C:\Users\91888\Downloads\jdk-21_windows-x64_bin\jdk-21.0.2\jar_files\.;C:\Users\91888\Downloads\jdk-21_windows-x64_bin\jdk-21.0.2\jar_files\..;C:\Users\91888\Downloads\jdk-21_windows-x64_bin\jdk-21.0.2\jar_files\annotations-13.0.jar;C:\Users\91888\Downloads\jdk-21_windows-x64_bin\jdk-21.0.2\jar_files\commons-codec-1.9.jar;C:\Users\91888\Downloads\jdk-21_windows-x64_bin\jdk-21.0.2\jar_files\commons-logging-1.2.jar;C:\Users\91888\Downloads\jdk-21_windows-x64_bin\jdk-21.0.2\jar_files\gson-2.2.2.jar;C:\Users\91888\Downloads\jdk-21_windows-x64_bin\jdk-21.0.2\jar_files\httpasyncclient-4.1.1.jar;C:\Users\91888\Downloads\jdk-21_windows-x64_bin\jdk-21.0.2\jar_files\httpclient-4.5.2.jar;C:\Users\91888\Downloads\jdk-21_windows-x64_bin\jdk-21.0.2\jar_files\httpcore-4.4.4.jar;C:\Users\91888\Downloads\jdk-21_windows-x64_bin\jdk-21.0.2\jar_files\httpcore-nio-4.4.4.jar;C:\Users\91888\Downloads\jdk-21_windows-x64_bin\jdk-21.0.2\jar_files\httpmime-4.5.2.jar;C:\Users\91888\Downloads\jdk-21_windows-x64_bin\jdk-21.0.2\jar_files\json-20160212.jar;C:\Users\91888\Downloads\jdk-21_windows-x64_bin\jdk-21.0.2\jar_files\json-simple-1.1.1.jar;C:\Users\91888\Downloads\jdk-21_windows-x64_bin\jdk-21.0.2\jar_files\kotlin-stdlib-1.3.50.jar;C:\Users\91888\Downloads\jdk-21_windows-x64_bin\jdk-21.0.2\jar_files\kotlin-stdlib-common-1.3.50.jar;C:\Users\91888\Downloads\jdk-21_windows-x64_bin\jdk-21.0.2\jar_files\mssql-jdbc-12.6.1.jre8.jar;C:\Users\91888\Downloads\jdk-21_windows-x64_bin\jdk-21.0.2\jar_files\mysql-connector-j-8.3.0.jar;C:\Users\91888\Downloads\jdk-21_windows-x64_bin\jdk-21.0.2\jar_files\okhttp-3.9.1.jar;C:\Users\91888\Downloads\jdk-21_windows-x64_bin\jdk-21.0.2\jar_files\okio-2.4.0.jar;C:\Users\91888\Downloads\jdk-21_windows-x64_bin\jdk-21.0.2\jar_files\smartapi-java-1.0.0.jar;C:\Users\91888\Downloads\jdk-21_windows-x64_bin\jdk-21.0.2\jar_files\smartapi-java-2.0.0.jar;C:\Users\91888\Downloads\jdk-21_windows-x64_bin\jdk-21.0.2\jar_files\smartapi-java-2.1.0.jar;C:\Users\91888\Downloads\jdk-21_windows-x64_bin\jdk-21.0.2\jar_files\smartapi-java-2.2.0.jar;C:\Users\91888\Downloads\jdk-21_windows-x64_bin\jdk-21.0.2\jar_files\smartapi-java-2.2.1.jar;C:\Users\91888\Downloads\jdk-21_windows-x64_bin\jdk-21.0.2\jar_files\smartapi-java-2.2.2.jar;C:\Users\91888\Downloads\jdk-21_windows-x64_bin\jdk-21.0.2\jar_files\smartapi-java-2.2.3.jar;C:\Users\91888\Downloads\jdk-21_windows-x64_bin\jdk-21.0.2\jar_files\unirest-java-1.4.9.jar" C:\Users\91888\Desktop\Projects\java-task\app.jar
Args length:	2684/32768 chars
Exit code:	0


Version:	3.50
CmdLine:	C:\Users\91888\Desktop\Projects\java-task\app.exe --l4j-debug
JNI:		No
WOW64:		Yes
Working dir:	C:\Users\91888\Desktop\Projects\java-task\.
Requires JDK:	No
Requires 64-Bit: No
Java min ver:	
Java max ver:	
Substitute:	JAVA_HOME = 
Substitute:	PATH = C:\WINDOWS\system32;C:\WINDOWS;C:\WINDOWS\System32\Wbem;C:\WINDOWS\System32\WindowsPowerShell\v1.0\;C:\WINDOWS\System32\OpenSSH\;C:\Program Files\Git\cmd;C:\Users\91888\Downloads\json-simple-1.1.1.jar;C:\Program Files\Docker\Docker\resources\bin;C:\Program Files\nodejs\;C:\WINDOWS\system32;C:\WINDOWS;C:\WINDOWS\System32\Wbem;C:\WINDOWS\System32\WindowsPowerShell\v1.0\;C:\WINDOWS\System32\OpenSSH\;C:\Program Files\Git\cmd;C:\Users\91888\Downloads\json-simple-1.1.1.jar;C:\Program Files\Docker\Docker\resources\bin;C:\WINDOWS\system32;C:\WINDOWS;C:\WINDOWS\System32\Wbem;C:\WINDOWS\System32\WindowsPowerShell\v1.0\;C:\WINDOWS\System32\OpenSSH\;C:\Program Files\nodejs\;C:\Program Files\Git\cmd;C:\Users\91888\Downloads\json-simple-1.1.1.jar;C:\Program Files\Docker\Docker\resources\bin;C:\MinGW\bin;C:\Users\91888\Downloads\jdk-21_windows-x64_bin\jdk-21.0.2\bin;C:\Program Files\MongoDB\Server\6.0\bin;C:\Users\91888\Downloads\mongosh-1.8.0-win32-x64\mongosh-1.8.0-win32-x64\bin;C:\Users\91888\AppData\Local\Microsoft\WindowsApps;C:\Users\91888\AppData\Local\Programs\Microsoft VS Code\bin;C:\Program Files (x86)\MongoDB Atlas CLI\;C:\Users\91888\Desktop\command;C:\Users\91888\Desktop\Projects\IDE;C:\Users\91888\Desktop\Projects\ID;C:\Users\91888\AppData\Roaming\npm;C:\Program Files\MySQL\MySQL Server 8.0\bin;;C:\Users\91888\Downloads\jdk-21_windows-x64_bin\jdk-21.0.2\bin
JRE paths:	;C:\WINDOWS\system32;C:\WINDOWS;C:\WINDOWS\System32\Wbem;C:\WINDOWS\System32\WindowsPowerShell\v1.0\;C:\WINDOWS\System32\OpenSSH\;C:\Program Files\Git\cmd;C:\Users\91888\Downloads\json-simple-1.1.1.jar;C:\Program Files\Docker\Docker\resources\bin;C:\Program Files\nodejs\;C:\WINDOWS\system32;C:\WINDOWS;C:\WINDOWS\System32\Wbem;C:\WINDOWS\System32\WindowsPowerShell\v1.0\;C:\WINDOWS\System32\OpenSSH\;C:\Program Files\Git\cmd;C:\Users\91888\Downloads\json-simple-1.1.1.jar;C:\Program Files\Docker\Docker\resources\bin;C:\WINDOWS\system32;C:\WINDOWS;C:\WINDOWS\System32\Wbem;C:\WINDOWS\System32\WindowsPowerShell\v1.0\;C:\WINDOWS\System32\OpenSSH\;C:\Program Files\nodejs\;C:\Program Files\Git\cmd;C:\Users\91888\Downloads\json-simple-1.1.1.jar;C:\Program Files\Docker\Docker\resources\bin;C:\MinGW\bin;C:\Users\91888\Downloads\jdk-21_windows-x64_bin\jdk-21.0.2\bin;C:\Program Files\MongoDB\Server\6.0\bin;C:\Users\91888\Downloads\mongosh-1.8.0-win32-x64\mongosh-1.8.0-win32-x64\bin;C:\Users\91888\AppData\Local\Microsoft\WindowsApps;C:\Users\91888\AppData\Local\Programs\Microsoft VS Code\bin;C:\Program Files (x86)\MongoDB Atlas CLI\;C:\Users\91888\Desktop\command;C:\Users\91888\Desktop\Projects\IDE;C:\Users\91888\Desktop\Projects\ID;C:\Users\91888\AppData\Roaming\npm;C:\Program Files\MySQL\MySQL Server 8.0\bin;;C:\Users\91888\Downloads\jdk-21_windows-x64_bin\jdk-21.0.2\bin
Check launcher:	C:\WINDOWS\system32\bin\javaw.exe (not found)
Check launcher:	C:\WINDOWS\bin\javaw.exe (not found)
Check launcher:	C:\WINDOWS\System32\Wbem\bin\javaw.exe (not found)
Check launcher:	C:\WINDOWS\System32\WindowsPowerShell\v1.0\bin\javaw.exe (not found)
Check launcher:	C:\WINDOWS\System32\OpenSSH\bin\javaw.exe (not found)
Check launcher:	C:\Program Files\Git\cmd\bin\javaw.exe (not found)
Check launcher:	C:\Users\91888\Downloads\json-simple-1.1.1.jar\bin\javaw.exe (not found)
Check launcher:	C:\Program Files\Docker\Docker\resources\bin\javaw.exe (not found)
Check launcher:	C:\Program Files\nodejs\bin\javaw.exe (not found)
Check launcher:	C:\WINDOWS\system32\bin\javaw.exe (not found)
Check launcher:	C:\WINDOWS\bin\javaw.exe (not found)
Check launcher:	C:\WINDOWS\System32\Wbem\bin\javaw.exe (not found)
Check launcher:	C:\WINDOWS\System32\WindowsPowerShell\v1.0\bin\javaw.exe (not found)
Check launcher:	C:\WINDOWS\System32\OpenSSH\bin\javaw.exe (not found)
Check launcher:	C:\Program Files\Git\cmd\bin\javaw.exe (not found)
Check launcher:	C:\Users\91888\Downloads\json-simple-1.1.1.jar\bin\javaw.exe (not found)
Check launcher:	C:\Program Files\Docker\Docker\resources\bin\javaw.exe (not found)
Check launcher:	C:\WINDOWS\system32\bin\javaw.exe (not found)
Check launcher:	C:\WINDOWS\bin\javaw.exe (not found)
Check launcher:	C:\WINDOWS\System32\Wbem\bin\javaw.exe (not found)
Check launcher:	C:\WINDOWS\System32\WindowsPowerShell\v1.0\bin\javaw.exe (not found)
Check launcher:	C:\WINDOWS\System32\OpenSSH\bin\javaw.exe (not found)
Check launcher:	C:\Program Files\nodejs\bin\javaw.exe (not found)
Check launcher:	C:\Program Files\Git\cmd\bin\javaw.exe (not found)
Check launcher:	C:\Users\91888\Downloads\json-simple-1.1.1.jar\bin\javaw.exe (not found)
Check launcher:	C:\Program Files\Docker\Docker\resources\bin\javaw.exe (not found)
Check launcher:	C:\MinGW\bin\javaw.exe (not found)
Check launcher:	C:\Users\91888\Downloads\jdk-21_windows-x64_bin\jdk-21.0.2\bin\javaw.exe (OK)
Version string: 1.021.000_002 / 64-Bit (OK)
Main class:	C:\Users\91888\Desktop\Projects\java-task\app.exe 
Add classpath:	C:\Users\91888\Desktop\Projects\java-task>mysql-connector-j-8.3.0.jar
Launcher:	C:\Users\91888\Downloads\jdk-21_windows-x64_bin\jdk-21.0.2\bin\javaw.exe
Launcher args:	-classpath "C:\Users\91888\Desktop\Projects\java-task\app.exe;C:\Users\91888\Desktop\Projects\java-task>mysql-connector-j-8.3.0.jar" C:\Users\91888\Desktop\Projects\java-task\app.exe 
Args length:	183/32768 chars
Exit code:	0


Version:	3.50
CmdLine:	C:\Users\91888\Desktop\Projects\java-task\app.exe --l4j-debug
JNI:		No
WOW64:		Yes
Working dir:	C:\Users\91888\Desktop\Projects\java-task\.
Requires JDK:	No
Requires 64-Bit: No
Java min ver:	
Java max ver:	
Substitute:	JAVA_HOME = 
Substitute:	PATH = C:\WINDOWS\system32;C:\WINDOWS;C:\WINDOWS\System32\Wbem;C:\WINDOWS\System32\WindowsPowerShell\v1.0\;C:\WINDOWS\System32\OpenSSH\;C:\Program Files\Git\cmd;C:\Users\91888\Downloads\json-simple-1.1.1.jar;C:\Program Files\Docker\Docker\resources\bin;C:\Program Files\nodejs\;C:\WINDOWS\system32;C:\WINDOWS;C:\WINDOWS\System32\Wbem;C:\WINDOWS\System32\WindowsPowerShell\v1.0\;C:\WINDOWS\System32\OpenSSH\;C:\Program Files\Git\cmd;C:\Users\91888\Downloads\json-simple-1.1.1.jar;C:\Program Files\Docker\Docker\resources\bin;C:\WINDOWS\system32;C:\WINDOWS;C:\WINDOWS\System32\Wbem;C:\WINDOWS\System32\WindowsPowerShell\v1.0\;C:\WINDOWS\System32\OpenSSH\;C:\Program Files\nodejs\;C:\Program Files\Git\cmd;C:\Users\91888\Downloads\json-simple-1.1.1.jar;C:\Program Files\Docker\Docker\resources\bin;C:\MinGW\bin;C:\Users\91888\Downloads\jdk-21_windows-x64_bin\jdk-21.0.2\bin;C:\Program Files\MongoDB\Server\6.0\bin;C:\Users\91888\Downloads\mongosh-1.8.0-win32-x64\mongosh-1.8.0-win32-x64\bin;C:\Users\91888\AppData\Local\Microsoft\WindowsApps;C:\Users\91888\AppData\Local\Programs\Microsoft VS Code\bin;C:\Program Files (x86)\MongoDB Atlas CLI\;C:\Users\91888\Desktop\command;C:\Users\91888\Desktop\Projects\IDE;C:\Users\91888\Desktop\Projects\ID;C:\Users\91888\AppData\Roaming\npm;C:\Program Files\MySQL\MySQL Server 8.0\bin;;C:\Users\91888\Downloads\jdk-21_windows-x64_bin\jdk-21.0.2\bin
JRE paths:	;C:\WINDOWS\system32;C:\WINDOWS;C:\WINDOWS\System32\Wbem;C:\WINDOWS\System32\WindowsPowerShell\v1.0\;C:\WINDOWS\System32\OpenSSH\;C:\Program Files\Git\cmd;C:\Users\91888\Downloads\json-simple-1.1.1.jar;C:\Program Files\Docker\Docker\resources\bin;C:\Program Files\nodejs\;C:\WINDOWS\system32;C:\WINDOWS;C:\WINDOWS\System32\Wbem;C:\WINDOWS\System32\WindowsPowerShell\v1.0\;C:\WINDOWS\System32\OpenSSH\;C:\Program Files\Git\cmd;C:\Users\91888\Downloads\json-simple-1.1.1.jar;C:\Program Files\Docker\Docker\resources\bin;C:\WINDOWS\system32;C:\WINDOWS;C:\WINDOWS\System32\Wbem;C:\WINDOWS\System32\WindowsPowerShell\v1.0\;C:\WINDOWS\System32\OpenSSH\;C:\Program Files\nodejs\;C:\Program Files\Git\cmd;C:\Users\91888\Downloads\json-simple-1.1.1.jar;C:\Program Files\Docker\Docker\resources\bin;C:\MinGW\bin;C:\Users\91888\Downloads\jdk-21_windows-x64_bin\jdk-21.0.2\bin;C:\Program Files\MongoDB\Server\6.0\bin;C:\Users\91888\Downloads\mongosh-1.8.0-win32-x64\mongosh-1.8.0-win32-x64\bin;C:\Users\91888\AppData\Local\Microsoft\WindowsApps;C:\Users\91888\AppData\Local\Programs\Microsoft VS Code\bin;C:\Program Files (x86)\MongoDB Atlas CLI\;C:\Users\91888\Desktop\command;C:\Users\91888\Desktop\Projects\IDE;C:\Users\91888\Desktop\Projects\ID;C:\Users\91888\AppData\Roaming\npm;C:\Program Files\MySQL\MySQL Server 8.0\bin;;C:\Users\91888\Downloads\jdk-21_windows-x64_bin\jdk-21.0.2\bin
Check launcher:	C:\WINDOWS\system32\bin\javaw.exe (not found)
Check launcher:	C:\WINDOWS\bin\javaw.exe (not found)
Check launcher:	C:\WINDOWS\System32\Wbem\bin\javaw.exe (not found)
Check launcher:	C:\WINDOWS\System32\WindowsPowerShell\v1.0\bin\javaw.exe (not found)
Check launcher:	C:\WINDOWS\System32\OpenSSH\bin\javaw.exe (not found)
Check launcher:	C:\Program Files\Git\cmd\bin\javaw.exe (not found)
Check launcher:	C:\Users\91888\Downloads\json-simple-1.1.1.jar\bin\javaw.exe (not found)
Check launcher:	C:\Program Files\Docker\Docker\resources\bin\javaw.exe (not found)
Check launcher:	C:\Program Files\nodejs\bin\javaw.exe (not found)
Check launcher:	C:\WINDOWS\system32\bin\javaw.exe (not found)
Check launcher:	C:\WINDOWS\bin\javaw.exe (not found)
Check launcher:	C:\WINDOWS\System32\Wbem\bin\javaw.exe (not found)
Check launcher:	C:\WINDOWS\System32\WindowsPowerShell\v1.0\bin\javaw.exe (not found)
Check launcher:	C:\WINDOWS\System32\OpenSSH\bin\javaw.exe (not found)
Check launcher:	C:\Program Files\Git\cmd\bin\javaw.exe (not found)
Check launcher:	C:\Users\91888\Downloads\json-simple-1.1.1.jar\bin\javaw.exe (not found)
Check launcher:	C:\Program Files\Docker\Docker\resources\bin\javaw.exe (not found)
Check launcher:	C:\WINDOWS\system32\bin\javaw.exe (not found)
Check launcher:	C:\WINDOWS\bin\javaw.exe (not found)
Check launcher:	C:\WINDOWS\System32\Wbem\bin\javaw.exe (not found)
Check launcher:	C:\WINDOWS\System32\WindowsPowerShell\v1.0\bin\javaw.exe (not found)
Check launcher:	C:\WINDOWS\System32\OpenSSH\bin\javaw.exe (not found)
Check launcher:	C:\Program Files\nodejs\bin\javaw.exe (not found)
Check launcher:	C:\Program Files\Git\cmd\bin\javaw.exe (not found)
Check launcher:	C:\Users\91888\Downloads\json-simple-1.1.1.jar\bin\javaw.exe (not found)
Check launcher:	C:\Program Files\Docker\Docker\resources\bin\javaw.exe (not found)
Check launcher:	C:\MinGW\bin\javaw.exe (not found)
Check launcher:	C:\Users\91888\Downloads\jdk-21_windows-x64_bin\jdk-21.0.2\bin\javaw.exe (OK)
Version string: 1.021.000_002 / 64-Bit (OK)
Main class:	C:\Users\91888\Desktop\Projects\java-task\app.exe 
Add classpath:	C:\Users\91888\Desktop\Projects\java-task>mysql-connector-j-8.3.0.jar
Add classpath:	C:\Users\91888\Desktop\Projects\java-task\app.jar
Add classpath:	C:\Users\91888\Desktop\Projects\java-task\app.exe 
Launcher:	C:\Users\91888\Downloads\jdk-21_windows-x64_bin\jdk-21.0.2\bin\javaw.exe
Launcher args:	-classpath "C:\Users\91888\Desktop\Projects\java-task\app.exe;C:\Users\91888\Desktop\Projects\java-task>mysql-connector-j-8.3.0.jar;C:\Users\91888\Desktop\Projects\java-task\app.jar;C:\Users\91888\Desktop\Projects\java-task\app.exe " C:\Users\91888\Desktop\Projects\java-task\app.exe 
Args length:	284/32768 chars
Exit code:	0


Version:	3.50
CmdLine:	C:\Users\91888\Desktop\Projects\java-task\app.exe --l4j-debug
JNI:		No
WOW64:		Yes
Working dir:	C:\Users\91888\Desktop\Projects\java-task\.
Requires JDK:	No
Requires 64-Bit: No
Java min ver:	
Java max ver:	
Substitute:	JAVA_HOME = 
Substitute:	PATH = C:\WINDOWS\system32;C:\WINDOWS;C:\WINDOWS\System32\Wbem;C:\WINDOWS\System32\WindowsPowerShell\v1.0\;C:\WINDOWS\System32\OpenSSH\;C:\Program Files\Git\cmd;C:\Users\91888\Downloads\json-simple-1.1.1.jar;C:\Program Files\Docker\Docker\resources\bin;C:\Program Files\nodejs\;C:\WINDOWS\system32;C:\WINDOWS;C:\WINDOWS\System32\Wbem;C:\WINDOWS\System32\WindowsPowerShell\v1.0\;C:\WINDOWS\System32\OpenSSH\;C:\Program Files\Git\cmd;C:\Users\91888\Downloads\json-simple-1.1.1.jar;C:\Program Files\Docker\Docker\resources\bin;C:\WINDOWS\system32;C:\WINDOWS;C:\WINDOWS\System32\Wbem;C:\WINDOWS\System32\WindowsPowerShell\v1.0\;C:\WINDOWS\System32\OpenSSH\;C:\Program Files\nodejs\;C:\Program Files\Git\cmd;C:\Users\91888\Downloads\json-simple-1.1.1.jar;C:\Program Files\Docker\Docker\resources\bin;C:\MinGW\bin;C:\Users\91888\Downloads\jdk-21_windows-x64_bin\jdk-21.0.2\bin;C:\Program Files\MongoDB\Server\6.0\bin;C:\Users\91888\Downloads\mongosh-1.8.0-win32-x64\mongosh-1.8.0-win32-x64\bin;C:\Users\91888\AppData\Local\Microsoft\WindowsApps;C:\Users\91888\AppData\Local\Programs\Microsoft VS Code\bin;C:\Program Files (x86)\MongoDB Atlas CLI\;C:\Users\91888\Desktop\command;C:\Users\91888\Desktop\Projects\IDE;C:\Users\91888\Desktop\Projects\ID;C:\Users\91888\AppData\Roaming\npm;C:\Program Files\MySQL\MySQL Server 8.0\bin;;C:\Users\91888\Downloads\jdk-21_windows-x64_bin\jdk-21.0.2\bin
JRE paths:	;C:\WINDOWS\system32;C:\WINDOWS;C:\WINDOWS\System32\Wbem;C:\WINDOWS\System32\WindowsPowerShell\v1.0\;C:\WINDOWS\System32\OpenSSH\;C:\Program Files\Git\cmd;C:\Users\91888\Downloads\json-simple-1.1.1.jar;C:\Program Files\Docker\Docker\resources\bin;C:\Program Files\nodejs\;C:\WINDOWS\system32;C:\WINDOWS;C:\WINDOWS\System32\Wbem;C:\WINDOWS\System32\WindowsPowerShell\v1.0\;C:\WINDOWS\System32\OpenSSH\;C:\Program Files\Git\cmd;C:\Users\91888\Downloads\json-simple-1.1.1.jar;C:\Program Files\Docker\Docker\resources\bin;C:\WINDOWS\system32;C:\WINDOWS;C:\WINDOWS\System32\Wbem;C:\WINDOWS\System32\WindowsPowerShell\v1.0\;C:\WINDOWS\System32\OpenSSH\;C:\Program Files\nodejs\;C:\Program Files\Git\cmd;C:\Users\91888\Downloads\json-simple-1.1.1.jar;C:\Program Files\Docker\Docker\resources\bin;C:\MinGW\bin;C:\Users\91888\Downloads\jdk-21_windows-x64_bin\jdk-21.0.2\bin;C:\Program Files\MongoDB\Server\6.0\bin;C:\Users\91888\Downloads\mongosh-1.8.0-win32-x64\mongosh-1.8.0-win32-x64\bin;C:\Users\91888\AppData\Local\Microsoft\WindowsApps;C:\Users\91888\AppData\Local\Programs\Microsoft VS Code\bin;C:\Program Files (x86)\MongoDB Atlas CLI\;C:\Users\91888\Desktop\command;C:\Users\91888\Desktop\Projects\IDE;C:\Users\91888\Desktop\Projects\ID;C:\Users\91888\AppData\Roaming\npm;C:\Program Files\MySQL\MySQL Server 8.0\bin;;C:\Users\91888\Downloads\jdk-21_windows-x64_bin\jdk-21.0.2\bin
Check launcher:	C:\WINDOWS\system32\bin\javaw.exe (not found)
Check launcher:	C:\WINDOWS\bin\javaw.exe (not found)
Check launcher:	C:\WINDOWS\System32\Wbem\bin\javaw.exe (not found)
Check launcher:	C:\WINDOWS\System32\WindowsPowerShell\v1.0\bin\javaw.exe (not found)
Check launcher:	C:\WINDOWS\System32\OpenSSH\bin\javaw.exe (not found)
Check launcher:	C:\Program Files\Git\cmd\bin\javaw.exe (not found)
Check launcher:	C:\Users\91888\Downloads\json-simple-1.1.1.jar\bin\javaw.exe (not found)
Check launcher:	C:\Program Files\Docker\Docker\resources\bin\javaw.exe (not found)
Check launcher:	C:\Program Files\nodejs\bin\javaw.exe (not found)
Check launcher:	C:\WINDOWS\system32\bin\javaw.exe (not found)
Check launcher:	C:\WINDOWS\bin\javaw.exe (not found)
Check launcher:	C:\WINDOWS\System32\Wbem\bin\javaw.exe (not found)
Check launcher:	C:\WINDOWS\System32\WindowsPowerShell\v1.0\bin\javaw.exe (not found)
Check launcher:	C:\WINDOWS\System32\OpenSSH\bin\javaw.exe (not found)
Check launcher:	C:\Program Files\Git\cmd\bin\javaw.exe (not found)
Check launcher:	C:\Users\91888\Downloads\json-simple-1.1.1.jar\bin\javaw.exe (not found)
Check launcher:	C:\Program Files\Docker\Docker\resources\bin\javaw.exe (not found)
Check launcher:	C:\WINDOWS\system32\bin\javaw.exe (not found)
Check launcher:	C:\WINDOWS\bin\javaw.exe (not found)
Check launcher:	C:\WINDOWS\System32\Wbem\bin\javaw.exe (not found)
Check launcher:	C:\WINDOWS\System32\WindowsPowerShell\v1.0\bin\javaw.exe (not found)
Check launcher:	C:\WINDOWS\System32\OpenSSH\bin\javaw.exe (not found)
Check launcher:	C:\Program Files\nodejs\bin\javaw.exe (not found)
Check launcher:	C:\Program Files\Git\cmd\bin\javaw.exe (not found)
Check launcher:	C:\Users\91888\Downloads\json-simple-1.1.1.jar\bin\javaw.exe (not found)
Check launcher:	C:\Program Files\Docker\Docker\resources\bin\javaw.exe (not found)
Check launcher:	C:\MinGW\bin\javaw.exe (not found)
Check launcher:	C:\Users\91888\Downloads\jdk-21_windows-x64_bin\jdk-21.0.2\bin\javaw.exe (OK)
Version string: 1.021.000_002 / 64-Bit (OK)
Main class:	C:\Users\91888\Desktop\Projects\java-task\app
Add classpath:	C:\Users\91888\Desktop\Projects\java-task>mysql-connector-j-8.3.0.jar
Add classpath:	C:\Users\91888\Desktop\Projects\java-task\app.jar
Launcher:	C:\Users\91888\Downloads\jdk-21_windows-x64_bin\jdk-21.0.2\bin\javaw.exe
Launcher args:	-classpath "C:\Users\91888\Desktop\Projects\java-task\app.exe;C:\Users\91888\Desktop\Projects\java-task>mysql-connector-j-8.3.0.jar;C:\Users\91888\Desktop\Projects\java-task\app.jar" C:\Users\91888\Desktop\Projects\java-task\app
Args length:	228/32768 chars
Exit code:	0


Version:	3.50
CmdLine:	C:\Users\91888\Desktop\Projects\java-task\app.exe --l4j-debug
JNI:		No
WOW64:		Yes
Working dir:	C:\Users\91888\Desktop\Projects\java-task\.
Requires JDK:	No
Requires 64-Bit: No
Java min ver:	
Java max ver:	
Substitute:	JAVA_HOME = 
Substitute:	PATH = C:\WINDOWS\system32;C:\WINDOWS;C:\WINDOWS\System32\Wbem;C:\WINDOWS\System32\WindowsPowerShell\v1.0\;C:\WINDOWS\System32\OpenSSH\;C:\Program Files\Git\cmd;C:\Users\91888\Downloads\json-simple-1.1.1.jar;C:\Program Files\Docker\Docker\resources\bin;C:\Program Files\nodejs\;C:\WINDOWS\system32;C:\WINDOWS;C:\WINDOWS\System32\Wbem;C:\WINDOWS\System32\WindowsPowerShell\v1.0\;C:\WINDOWS\System32\OpenSSH\;C:\Program Files\Git\cmd;C:\Users\91888\Downloads\json-simple-1.1.1.jar;C:\Program Files\Docker\Docker\resources\bin;C:\WINDOWS\system32;C:\WINDOWS;C:\WINDOWS\System32\Wbem;C:\WINDOWS\System32\WindowsPowerShell\v1.0\;C:\WINDOWS\System32\OpenSSH\;C:\Program Files\nodejs\;C:\Program Files\Git\cmd;C:\Users\91888\Downloads\json-simple-1.1.1.jar;C:\Program Files\Docker\Docker\resources\bin;C:\MinGW\bin;C:\Users\91888\Downloads\jdk-21_windows-x64_bin\jdk-21.0.2\bin;C:\Program Files\MongoDB\Server\6.0\bin;C:\Users\91888\Downloads\mongosh-1.8.0-win32-x64\mongosh-1.8.0-win32-x64\bin;C:\Users\91888\AppData\Local\Microsoft\WindowsApps;C:\Users\91888\AppData\Local\Programs\Microsoft VS Code\bin;C:\Program Files (x86)\MongoDB Atlas CLI\;C:\Users\91888\Desktop\command;C:\Users\91888\Desktop\Projects\IDE;C:\Users\91888\Desktop\Projects\ID;C:\Users\91888\AppData\Roaming\npm;C:\Program Files\MySQL\MySQL Server 8.0\bin;;C:\Users\91888\Downloads\jdk-21_windows-x64_bin\jdk-21.0.2\bin
JRE paths:	;C:\WINDOWS\system32;C:\WINDOWS;C:\WINDOWS\System32\Wbem;C:\WINDOWS\System32\WindowsPowerShell\v1.0\;C:\WINDOWS\System32\OpenSSH\;C:\Program Files\Git\cmd;C:\Users\91888\Downloads\json-simple-1.1.1.jar;C:\Program Files\Docker\Docker\resources\bin;C:\Program Files\nodejs\;C:\WINDOWS\system32;C:\WINDOWS;C:\WINDOWS\System32\Wbem;C:\WINDOWS\System32\WindowsPowerShell\v1.0\;C:\WINDOWS\System32\OpenSSH\;C:\Program Files\Git\cmd;C:\Users\91888\Downloads\json-simple-1.1.1.jar;C:\Program Files\Docker\Docker\resources\bin;C:\WINDOWS\system32;C:\WINDOWS;C:\WINDOWS\System32\Wbem;C:\WINDOWS\System32\WindowsPowerShell\v1.0\;C:\WINDOWS\System32\OpenSSH\;C:\Program Files\nodejs\;C:\Program Files\Git\cmd;C:\Users\91888\Downloads\json-simple-1.1.1.jar;C:\Program Files\Docker\Docker\resources\bin;C:\MinGW\bin;C:\Users\91888\Downloads\jdk-21_windows-x64_bin\jdk-21.0.2\bin;C:\Program Files\MongoDB\Server\6.0\bin;C:\Users\91888\Downloads\mongosh-1.8.0-win32-x64\mongosh-1.8.0-win32-x64\bin;C:\Users\91888\AppData\Local\Microsoft\WindowsApps;C:\Users\91888\AppData\Local\Programs\Microsoft VS Code\bin;C:\Program Files (x86)\MongoDB Atlas CLI\;C:\Users\91888\Desktop\command;C:\Users\91888\Desktop\Projects\IDE;C:\Users\91888\Desktop\Projects\ID;C:\Users\91888\AppData\Roaming\npm;C:\Program Files\MySQL\MySQL Server 8.0\bin;;C:\Users\91888\Downloads\jdk-21_windows-x64_bin\jdk-21.0.2\bin
Check launcher:	C:\WINDOWS\system32\bin\javaw.exe (not found)
Check launcher:	C:\WINDOWS\bin\javaw.exe (not found)
Check launcher:	C:\WINDOWS\System32\Wbem\bin\javaw.exe (not found)
Check launcher:	C:\WINDOWS\System32\WindowsPowerShell\v1.0\bin\javaw.exe (not found)
Check launcher:	C:\WINDOWS\System32\OpenSSH\bin\javaw.exe (not found)
Check launcher:	C:\Program Files\Git\cmd\bin\javaw.exe (not found)
Check launcher:	C:\Users\91888\Downloads\json-simple-1.1.1.jar\bin\javaw.exe (not found)
Check launcher:	C:\Program Files\Docker\Docker\resources\bin\javaw.exe (not found)
Check launcher:	C:\Program Files\nodejs\bin\javaw.exe (not found)
Check launcher:	C:\WINDOWS\system32\bin\javaw.exe (not found)
Check launcher:	C:\WINDOWS\bin\javaw.exe (not found)
Check launcher:	C:\WINDOWS\System32\Wbem\bin\javaw.exe (not found)
Check launcher:	C:\WINDOWS\System32\WindowsPowerShell\v1.0\bin\javaw.exe (not found)
Check launcher:	C:\WINDOWS\System32\OpenSSH\bin\javaw.exe (not found)
Check launcher:	C:\Program Files\Git\cmd\bin\javaw.exe (not found)
Check launcher:	C:\Users\91888\Downloads\json-simple-1.1.1.jar\bin\javaw.exe (not found)
Check launcher:	C:\Program Files\Docker\Docker\resources\bin\javaw.exe (not found)
Check launcher:	C:\WINDOWS\system32\bin\javaw.exe (not found)
Check launcher:	C:\WINDOWS\bin\javaw.exe (not found)
Check launcher:	C:\WINDOWS\System32\Wbem\bin\javaw.exe (not found)
Check launcher:	C:\WINDOWS\System32\WindowsPowerShell\v1.0\bin\javaw.exe (not found)
Check launcher:	C:\WINDOWS\System32\OpenSSH\bin\javaw.exe (not found)
Check launcher:	C:\Program Files\nodejs\bin\javaw.exe (not found)
Check launcher:	C:\Program Files\Git\cmd\bin\javaw.exe (not found)
Check launcher:	C:\Users\91888\Downloads\json-simple-1.1.1.jar\bin\javaw.exe (not found)
Check launcher:	C:\Program Files\Docker\Docker\resources\bin\javaw.exe (not found)
Check launcher:	C:\MinGW\bin\javaw.exe (not found)
Check launcher:	C:\Users\91888\Downloads\jdk-21_windows-x64_bin\jdk-21.0.2\bin\javaw.exe (OK)
Version string: 1.021.000_002 / 64-Bit (OK)
Main class:	C:\Users\91888\Desktop\Projects\java-task\app.class
Add classpath:	C:\Users\91888\Desktop\Projects\java-task>mysql-connector-j-8.3.0.jar
Add classpath:	C:\Users\91888\Desktop\Projects\java-task\app.jar
Launcher:	C:\Users\91888\Downloads\jdk-21_windows-x64_bin\jdk-21.0.2\bin\javaw.exe
Launcher args:	-classpath "C:\Users\91888\Desktop\Projects\java-task\app.exe;C:\Users\91888\Desktop\Projects\java-task>mysql-connector-j-8.3.0.jar;C:\Users\91888\Desktop\Projects\java-task\app.jar" C:\Users\91888\Desktop\Projects\java-task\app.class
Args length:	234/32768 chars
Exit code:	0


Version:	3.50
CmdLine:	C:\Users\91888\Desktop\Projects\java-task\app.exe --l4j-debug
JNI:		No
WOW64:		Yes
Working dir:	C:\Users\91888\Desktop\Projects\java-task\.
Requires JDK:	No
Requires 64-Bit: No
Java min ver:	
Java max ver:	
Substitute:	JAVA_HOME = 
Substitute:	PATH = C:\WINDOWS\system32;C:\WINDOWS;C:\WINDOWS\System32\Wbem;C:\WINDOWS\System32\WindowsPowerShell\v1.0\;C:\WINDOWS\System32\OpenSSH\;C:\Program Files\Git\cmd;C:\Users\91888\Downloads\json-simple-1.1.1.jar;C:\Program Files\Docker\Docker\resources\bin;C:\Program Files\nodejs\;C:\WINDOWS\system32;C:\WINDOWS;C:\WINDOWS\System32\Wbem;C:\WINDOWS\System32\WindowsPowerShell\v1.0\;C:\WINDOWS\System32\OpenSSH\;C:\Program Files\Git\cmd;C:\Users\91888\Downloads\json-simple-1.1.1.jar;C:\Program Files\Docker\Docker\resources\bin;C:\WINDOWS\system32;C:\WINDOWS;C:\WINDOWS\System32\Wbem;C:\WINDOWS\System32\WindowsPowerShell\v1.0\;C:\WINDOWS\System32\OpenSSH\;C:\Program Files\nodejs\;C:\Program Files\Git\cmd;C:\Users\91888\Downloads\json-simple-1.1.1.jar;C:\Program Files\Docker\Docker\resources\bin;C:\MinGW\bin;C:\Users\91888\Downloads\jdk-21_windows-x64_bin\jdk-21.0.2\bin;C:\Program Files\MongoDB\Server\6.0\bin;C:\Users\91888\Downloads\mongosh-1.8.0-win32-x64\mongosh-1.8.0-win32-x64\bin;C:\Users\91888\AppData\Local\Microsoft\WindowsApps;C:\Users\91888\AppData\Local\Programs\Microsoft VS Code\bin;C:\Program Files (x86)\MongoDB Atlas CLI\;C:\Users\91888\Desktop\command;C:\Users\91888\Desktop\Projects\IDE;C:\Users\91888\Desktop\Projects\ID;C:\Users\91888\AppData\Roaming\npm;C:\Program Files\MySQL\MySQL Server 8.0\bin;;C:\Users\91888\Downloads\jdk-21_windows-x64_bin\jdk-21.0.2\bin
JRE paths:	;C:\WINDOWS\system32;C:\WINDOWS;C:\WINDOWS\System32\Wbem;C:\WINDOWS\System32\WindowsPowerShell\v1.0\;C:\WINDOWS\System32\OpenSSH\;C:\Program Files\Git\cmd;C:\Users\91888\Downloads\json-simple-1.1.1.jar;C:\Program Files\Docker\Docker\resources\bin;C:\Program Files\nodejs\;C:\WINDOWS\system32;C:\WINDOWS;C:\WINDOWS\System32\Wbem;C:\WINDOWS\System32\WindowsPowerShell\v1.0\;C:\WINDOWS\System32\OpenSSH\;C:\Program Files\Git\cmd;C:\Users\91888\Downloads\json-simple-1.1.1.jar;C:\Program Files\Docker\Docker\resources\bin;C:\WINDOWS\system32;C:\WINDOWS;C:\WINDOWS\System32\Wbem;C:\WINDOWS\System32\WindowsPowerShell\v1.0\;C:\WINDOWS\System32\OpenSSH\;C:\Program Files\nodejs\;C:\Program Files\Git\cmd;C:\Users\91888\Downloads\json-simple-1.1.1.jar;C:\Program Files\Docker\Docker\resources\bin;C:\MinGW\bin;C:\Users\91888\Downloads\jdk-21_windows-x64_bin\jdk-21.0.2\bin;C:\Program Files\MongoDB\Server\6.0\bin;C:\Users\91888\Downloads\mongosh-1.8.0-win32-x64\mongosh-1.8.0-win32-x64\bin;C:\Users\91888\AppData\Local\Microsoft\WindowsApps;C:\Users\91888\AppData\Local\Programs\Microsoft VS Code\bin;C:\Program Files (x86)\MongoDB Atlas CLI\;C:\Users\91888\Desktop\command;C:\Users\91888\Desktop\Projects\IDE;C:\Users\91888\Desktop\Projects\ID;C:\Users\91888\AppData\Roaming\npm;C:\Program Files\MySQL\MySQL Server 8.0\bin;;C:\Users\91888\Downloads\jdk-21_windows-x64_bin\jdk-21.0.2\bin
Check launcher:	C:\WINDOWS\system32\bin\javaw.exe (not found)
Check launcher:	C:\WINDOWS\bin\javaw.exe (not found)
Check launcher:	C:\WINDOWS\System32\Wbem\bin\javaw.exe (not found)
Check launcher:	C:\WINDOWS\System32\WindowsPowerShell\v1.0\bin\javaw.exe (not found)
Check launcher:	C:\WINDOWS\System32\OpenSSH\bin\javaw.exe (not found)
Check launcher:	C:\Program Files\Git\cmd\bin\javaw.exe (not found)
Check launcher:	C:\Users\91888\Downloads\json-simple-1.1.1.jar\bin\javaw.exe (not found)
Check launcher:	C:\Program Files\Docker\Docker\resources\bin\javaw.exe (not found)
Check launcher:	C:\Program Files\nodejs\bin\javaw.exe (not found)
Check launcher:	C:\WINDOWS\system32\bin\javaw.exe (not found)
Check launcher:	C:\WINDOWS\bin\javaw.exe (not found)
Check launcher:	C:\WINDOWS\System32\Wbem\bin\javaw.exe (not found)
Check launcher:	C:\WINDOWS\System32\WindowsPowerShell\v1.0\bin\javaw.exe (not found)
Check launcher:	C:\WINDOWS\System32\OpenSSH\bin\javaw.exe (not found)
Check launcher:	C:\Program Files\Git\cmd\bin\javaw.exe (not found)
Check launcher:	C:\Users\91888\Downloads\json-simple-1.1.1.jar\bin\javaw.exe (not found)
Check launcher:	C:\Program Files\Docker\Docker\resources\bin\javaw.exe (not found)
Check launcher:	C:\WINDOWS\system32\bin\javaw.exe (not found)
Check launcher:	C:\WINDOWS\bin\javaw.exe (not found)
Check launcher:	C:\WINDOWS\System32\Wbem\bin\javaw.exe (not found)
Check launcher:	C:\WINDOWS\System32\WindowsPowerShell\v1.0\bin\javaw.exe (not found)
Check launcher:	C:\WINDOWS\System32\OpenSSH\bin\javaw.exe (not found)
Check launcher:	C:\Program Files\nodejs\bin\javaw.exe (not found)
Check launcher:	C:\Program Files\Git\cmd\bin\javaw.exe (not found)
Check launcher:	C:\Users\91888\Downloads\json-simple-1.1.1.jar\bin\javaw.exe (not found)
Check launcher:	C:\Program Files\Docker\Docker\resources\bin\javaw.exe (not found)
Check launcher:	C:\MinGW\bin\javaw.exe (not found)
Check launcher:	C:\Users\91888\Downloads\jdk-21_windows-x64_bin\jdk-21.0.2\bin\javaw.exe (OK)
Version string: 1.021.000_002 / 64-Bit (OK)
Main class:	C:\Users\91888\Desktop\Projects\java-task\app.class
Add classpath:	C:\Users\91888\Desktop\Projects\java-task>mysql-connector-j-8.3.0.jar
Add classpath:	C:\Users\91888\Desktop\Projects\java-task\app.jar
Launcher:	C:\Users\91888\Downloads\jdk-21_windows-x64_bin\jdk-21.0.2\bin\javaw.exe
Launcher args:	-classpath "C:\Users\91888\Desktop\Projects\java-task\app.exe;C:\Users\91888\Desktop\Projects\java-task>mysql-connector-j-8.3.0.jar;C:\Users\91888\Desktop\Projects\java-task\app.jar" C:\Users\91888\Desktop\Projects\java-task\app.class
Args length:	234/32768 chars
Exit code:	0


Version:	3.50
CmdLine:	C:\Users\91888\Desktop\Projects\java-task\app.exe --l4j-debug
JNI:		No
WOW64:		Yes
Working dir:	C:\Users\91888\Desktop\Projects\java-task\.
Requires JDK:	No
Requires 64-Bit: No
Java min ver:	
Java max ver:	
Substitute:	JAVA_HOME = 
Substitute:	PATH = C:\WINDOWS\system32;C:\WINDOWS;C:\WINDOWS\System32\Wbem;C:\WINDOWS\System32\WindowsPowerShell\v1.0\;C:\WINDOWS\System32\OpenSSH\;C:\Program Files\Git\cmd;C:\Users\91888\Downloads\json-simple-1.1.1.jar;C:\Program Files\Docker\Docker\resources\bin;C:\Program Files\nodejs\;C:\WINDOWS\system32;C:\WINDOWS;C:\WINDOWS\System32\Wbem;C:\WINDOWS\System32\WindowsPowerShell\v1.0\;C:\WINDOWS\System32\OpenSSH\;C:\Program Files\Git\cmd;C:\Users\91888\Downloads\json-simple-1.1.1.jar;C:\Program Files\Docker\Docker\resources\bin;C:\WINDOWS\system32;C:\WINDOWS;C:\WINDOWS\System32\Wbem;C:\WINDOWS\System32\WindowsPowerShell\v1.0\;C:\WINDOWS\System32\OpenSSH\;C:\Program Files\nodejs\;C:\Program Files\Git\cmd;C:\Users\91888\Downloads\json-simple-1.1.1.jar;C:\Program Files\Docker\Docker\resources\bin;C:\MinGW\bin;C:\Users\91888\Downloads\jdk-21_windows-x64_bin\jdk-21.0.2\bin;C:\Program Files\MongoDB\Server\6.0\bin;C:\Users\91888\Downloads\mongosh-1.8.0-win32-x64\mongosh-1.8.0-win32-x64\bin;C:\Users\91888\AppData\Local\Microsoft\WindowsApps;C:\Users\91888\AppData\Local\Programs\Microsoft VS Code\bin;C:\Program Files (x86)\MongoDB Atlas CLI\;C:\Users\91888\Desktop\command;C:\Users\91888\Desktop\Projects\IDE;C:\Users\91888\Desktop\Projects\ID;C:\Users\91888\AppData\Roaming\npm;C:\Program Files\MySQL\MySQL Server 8.0\bin;;C:\Users\91888\Downloads\jdk-21_windows-x64_bin\jdk-21.0.2\bin
JRE paths:	;C:\WINDOWS\system32;C:\WINDOWS;C:\WINDOWS\System32\Wbem;C:\WINDOWS\System32\WindowsPowerShell\v1.0\;C:\WINDOWS\System32\OpenSSH\;C:\Program Files\Git\cmd;C:\Users\91888\Downloads\json-simple-1.1.1.jar;C:\Program Files\Docker\Docker\resources\bin;C:\Program Files\nodejs\;C:\WINDOWS\system32;C:\WINDOWS;C:\WINDOWS\System32\Wbem;C:\WINDOWS\System32\WindowsPowerShell\v1.0\;C:\WINDOWS\System32\OpenSSH\;C:\Program Files\Git\cmd;C:\Users\91888\Downloads\json-simple-1.1.1.jar;C:\Program Files\Docker\Docker\resources\bin;C:\WINDOWS\system32;C:\WINDOWS;C:\WINDOWS\System32\Wbem;C:\WINDOWS\System32\WindowsPowerShell\v1.0\;C:\WINDOWS\System32\OpenSSH\;C:\Program Files\nodejs\;C:\Program Files\Git\cmd;C:\Users\91888\Downloads\json-simple-1.1.1.jar;C:\Program Files\Docker\Docker\resources\bin;C:\MinGW\bin;C:\Users\91888\Downloads\jdk-21_windows-x64_bin\jdk-21.0.2\bin;C:\Program Files\MongoDB\Server\6.0\bin;C:\Users\91888\Downloads\mongosh-1.8.0-win32-x64\mongosh-1.8.0-win32-x64\bin;C:\Users\91888\AppData\Local\Microsoft\WindowsApps;C:\Users\91888\AppData\Local\Programs\Microsoft VS Code\bin;C:\Program Files (x86)\MongoDB Atlas CLI\;C:\Users\91888\Desktop\command;C:\Users\91888\Desktop\Projects\IDE;C:\Users\91888\Desktop\Projects\ID;C:\Users\91888\AppData\Roaming\npm;C:\Program Files\MySQL\MySQL Server 8.0\bin;;C:\Users\91888\Downloads\jdk-21_windows-x64_bin\jdk-21.0.2\bin
Check launcher:	C:\WINDOWS\system32\bin\javaw.exe (not found)
Check launcher:	C:\WINDOWS\bin\javaw.exe (not found)
Check launcher:	C:\WINDOWS\System32\Wbem\bin\javaw.exe (not found)
Check launcher:	C:\WINDOWS\System32\WindowsPowerShell\v1.0\bin\javaw.exe (not found)
Check launcher:	C:\WINDOWS\System32\OpenSSH\bin\javaw.exe (not found)
Check launcher:	C:\Program Files\Git\cmd\bin\javaw.exe (not found)
Check launcher:	C:\Users\91888\Downloads\json-simple-1.1.1.jar\bin\javaw.exe (not found)
Check launcher:	C:\Program Files\Docker\Docker\resources\bin\javaw.exe (not found)
Check launcher:	C:\Program Files\nodejs\bin\javaw.exe (not found)
Check launcher:	C:\WINDOWS\system32\bin\javaw.exe (not found)
Check launcher:	C:\WINDOWS\bin\javaw.exe (not found)
Check launcher:	C:\WINDOWS\System32\Wbem\bin\javaw.exe (not found)
Check launcher:	C:\WINDOWS\System32\WindowsPowerShell\v1.0\bin\javaw.exe (not found)
Check launcher:	C:\WINDOWS\System32\OpenSSH\bin\javaw.exe (not found)
Check launcher:	C:\Program Files\Git\cmd\bin\javaw.exe (not found)
Check launcher:	C:\Users\91888\Downloads\json-simple-1.1.1.jar\bin\javaw.exe (not found)
Check launcher:	C:\Program Files\Docker\Docker\resources\bin\javaw.exe (not found)
Check launcher:	C:\WINDOWS\system32\bin\javaw.exe (not found)
Check launcher:	C:\WINDOWS\bin\javaw.exe (not found)
Check launcher:	C:\WINDOWS\System32\Wbem\bin\javaw.exe (not found)
Check launcher:	C:\WINDOWS\System32\WindowsPowerShell\v1.0\bin\javaw.exe (not found)
Check launcher:	C:\WINDOWS\System32\OpenSSH\bin\javaw.exe (not found)
Check launcher:	C:\Program Files\nodejs\bin\javaw.exe (not found)
Check launcher:	C:\Program Files\Git\cmd\bin\javaw.exe (not found)
Check launcher:	C:\Users\91888\Downloads\json-simple-1.1.1.jar\bin\javaw.exe (not found)
Check launcher:	C:\Program Files\Docker\Docker\resources\bin\javaw.exe (not found)
Check launcher:	C:\MinGW\bin\javaw.exe (not found)
Check launcher:	C:\Users\91888\Downloads\jdk-21_windows-x64_bin\jdk-21.0.2\bin\javaw.exe (OK)
Version string: 1.021.000_002 / 64-Bit (OK)
Main class:	app
Add classpath:	C:\Users\91888\Desktop\Projects\java-task\mysql-connector-j-8.3.0.jar
Launcher:	C:\Users\91888\Downloads\jdk-21_windows-x64_bin\jdk-21.0.2\bin\javaw.exe
Launcher args:	-classpath "C:\Users\91888\Desktop\Projects\java-task\app.exe;C:\Users\91888\Desktop\Projects\java-task\mysql-connector-j-8.3.0.jar" app
Args length:	136/32768 chars
Exit code:	0
